Rank 0, Time Step 0:
0 0 1 0 1 0 1 0 0 1 
0 1 0 0 1 0 1 0 0 1 
0 0 1 0 1 0 1 0 0 1 
0 0 0 0 0 0 1 0 1 1 
1 0 0 0 0 0 0 0 0 0 
1 0 0 0 0 0 0 0 0 1 
0 1 0 0 0 0 0 0 0 1 
0 1 0 0 0 0 0 0 1 0 
0 0 1 0 1 0 0 0 1 0 
0 1 1 1 1 1 1 1 0 0 

Rank 1, Time Step 0:
0 1 0 0 1 0 1 0 0 1 
0 1 0 0 1 0 1 0 0 1 
0 0 1 0 1 0 1 0 0 1 
0 0 0 0 0 0 1 0 1 1 
1 0 0 0 0 0 0 0 0 0 
1 0 0 0 0 0 0 0 0 1 
0 1 0 0 0 0 0 0 0 1 
0 1 0 0 0 0 0 0 1 0 
0 0 1 0 1 0 0 0 1 0 
0 1 1 1 1 1 1 1 0 0 

Rank 2, Time Step 0:
0 1 0 0 1 0 1 0 0 1 
0 1 0 0 1 0 1 0 0 1 
0 0 1 0 1 0 1 0 0 1 
0 0 0 0 0 0 1 0 1 1 
1 0 0 0 0 0 0 0 0 0 
1 0 0 0 0 0 0 0 0 1 
0 1 0 0 0 0 0 0 0 1 
0 1 0 0 0 0 0 0 1 0 
0 0 1 0 1 0 0 0 1 0 
0 1 1 1 1 1 1 1 0 0 
Rank 3, Time Step 0:
0 1 0 0 1 0 1 0 0 1 
0 1 0 0 1 0 1 0 0 1 
1 0 0 0 0 0 1 0 1 1 
0 0 0 0 0 0 1 0 1 1 
1 0 0 0 0 0 0 0 0 0 
1 0 0 0 0 0 0 0 0 1 
0 1 0 0 0 0 0 0 0 1 
0 1 0 0 0 0 0 0 1 0 
0 0 1 0 1 0 0 0 1 0 
0 1 1 1 1 1 1 1 0 0 


Rank 0, Time Step 1:
0 0 0 1 0 0 0 0 0 0 
0 1 1 0 1 0 1 1 1 1 
0 0 0 0 0 0 0 0 0 0 
0 0 0 0 0 1 0 1 1 1 
0 0 0 0 0 0 0 0 1 1 
1 1 0 0 0 0 0 0 0 0 
1 1 0 0 0 0 0 0 1 1 
Rank 1, Time Step 1:
0 1 1 0 1 0 1 1 1 1 
0 1 1 0 1 0 1 1 1 1 
0 0 0 0 0 0 0 0 0 0 
0 0 0 0 0 1 0 1 1 1 
0 0 0 0 0 0 0 0 1 1 
1 1 0 0 0 0 0 0 0 0 
1 1 0 0 0 0 0 0 1 1 
0 1 1 0 0 0 0 0 1 1 
0 0 0 0 1 0 1 0 1 0 
Rank 3, Time Step 1:
0 1 1 0 1 0 1 1 1 1 
1 1 0 0 0 0 1 0 0 1 
0 0 0 0 0 0 1 0 0 0 
0 0 0 0 0 0 0 0 1 1 
0 0 0 0 0 0 0 0 1 1 
1 1 0 0 0 0 0 0 0 0 
1 1 0 0 0 0 0 0 1 1 
0 1 1 0 0 0 0 0 1 1 
0 0 0 0 1 0 1 0 1 0 
0 1 1 0 1 1 1 1 0 0 

Rank 2, Time Step 1:
0 1 1 0 1 0 1 1 1 1 
0 1 1 0 1 0 1 1 1 1 
0 0 0 0 0 0 0 0 0 0 
0 0 0 0 0 1 0 1 1 1 
0 0 0 0 0 0 0 0 1 1 
1 1 0 0 0 0 0 0 0 0 
1 1 0 0 0 0 0 0 1 1 
0 1 1 0 0 0 0 0 1 1 
0 0 0 0 1 0 1 0 1 0 
0 1 1 0 1 1 1 1 0 0 

0 1 1 0 1 1 1 1 0 0 

0 1 1 0 0 0 0 0 1 1 
0 0 0 0 1 0 1 0 1 0 
0 1 1 0 1 1 1 1 0 0 

Rank 3, Time Step 2:
0 1 1 0 0 0 1 0 0 1 
1 1 1 0 0 0 1 0 0 1 
0 0 0 0 0 0 0 1 1 1 
0 0 0 0 0 0 0 1 1 1 
0 0 0 0 0 0 0 0 1 1 
1 1 0 0 0 0 0 0 0 0 
0 0 0 0 0 0 0 0 1 1 
Rank 1, Time Step 2:
0 0 1 1 0 0 0 1 1 0 
0 1 1 0 0 0 1 0 0 1 
0 1 1 0 0 0 1 0 0 1 
0 0 0 0 0 0 0 1 0 1 
0 0 0 0 0 0 0 1 0 1 
Rank 2, Time Step 2:
0 1 1 0 0 0 1 0 0 1 
0 1 1 0 0 0 1 0 0 1 
1 1 1 0 0 1 1 1 1 1 
0 0 0 0 0 0 0 1 0 1 
0 0 0 0 0 0 0 1 0 1 
1 1 0 0 0 0 0 0 0 0 
0 0 0 0 0 0 0 0 1 1 
1 1 1 0 0 0 0 0 0 0 
0 0 0 0 1 0 1 0 1 1 
0 0 0 1 1 0 1 1 0 0 
Rank 0, Time Step 2:
0 0 1 1 0 0 0 1 1 0 
0 0 1 1 0 0 0 1 1 0 
0 1 1 0 0 0 1 0 0 1 
0 0 0 0 0 0 0 1 0 1 
0 0 0 0 0 0 0 1 0 1 
1 1 0 0 0 0 0 0 0 0 
0 0 0 0 0 0 0 0 1 1 
1 1 1 0 0 0 0 0 0 0 
0 0 0 0 1 0 1 0 1 1 
1 1 1 0 0 0 0 0 0 0 
0 0 0 0 1 0 1 0 1 1 
0 0 0 1 1 0 1 1 0 0 

1 1 0 0 0 0 0 0 0 0 
0 0 0 0 0 0 0 0 1 1 
1 1 1 0 0 0 0 0 0 0 
0 0 0 0 1 0 1 0 1 1 
0 0 0 1 1 0 1 1 0 0 


Rank 3, Time Step 3:
0 0 0 1 0 0 0 0 0 1 
1 0 1 0 0 0 1 0 0 1 
0 1 0 0 0 0 1 0 0 0 
Rank 2, Time Step 3:
0 0 0 0 0 0 1 0 0 1 
0 0 0 1 0 0 0 0 0 1 
1 0 1 0 0 0 0 0 0 0 
0 1 0 0 0 0 0 0 0 1 
Rank 0, Time Step 3:
0 0 1 1 0 0 0 1 1 0 
0 0 0 0 0 0 1 0 0 1 
0 1 1 1 0 0 0 1 1 0 
0 0 0 0 0 0 1 1 0 1 
0 0 0 0 0 0 0 0 0 0 
0 0 0 1 1 0 1 1 0 0 

Rank 1, Time Step 3:
0 0 0 0 0 0 1 0 0 1 
0 0 0 0 0 0 1 0 0 1 
0 1 1 0 0 0 0 0 0 0 
0 0 0 0 0 0 1 1 0 1 
0 0 0 0 0 0 0 0 0 0 
0 0 0 0 0 0 0 0 0 0 
0 0 0 0 0 0 0 0 0 1 
0 0 0 0 0 0 0 0 0 1 
0 0 1 0 0 0 0 0 0 0 
0 0 0 0 0 0 0 0 0 0 
0 0 0 0 0 0 0 1 0 1 
0 0 0 0 0 0 0 0 0 0 
0 0 0 0 0 0 0 0 0 1 
0 0 1 0 0 0 0 0 0 0 
0 1 0 0 0 0 0 1 0 0 
0 0 1 0 0 0 0 0 0 0 
0 1 0 0 0 0 0 1 0 0 
0 1 1 0 1 0 1 0 1 0 
0 0 0 1 1 0 1 1 1 0 

0 0 1 0 0 0 0 0 0 0 
0 1 0 0 0 0 0 1 0 0 
0 1 1 0 1 0 1 0 1 0 
0 0 0 1 1 0 1 1 1 0 

0 1 0 0 0 0 0 1 0 0 
0 1 1 0 1 0 1 0 1 0 
0 0 0 1 1 0 1 1 1 0 

0 1 1 0 1 0 1 0 1 0 
0 0 0 1 1 0 1 1 1 0 

Rank 0, Time Step 4:
0 0 0 0 0 0 0 1 1 0 
0 1 0 0 0 0 1 0 0 1 
0 0 0 0 0 0 0 0 0 0 
0 0 1 0 0 0 1 1 0 0 
0 0 0 0 0 0 0 0 1 0 
0 0 0 0 0 0 0 0 0 0 
Rank 3, Time Step 4:
0 0 0 0 0 0 0 0 0 0 
0 1 1 0 0 0 0 0 0 0 
0 1 0 0 0 0 0 0 0 0 
0 0 0 0 0 0 0 0 0 0 
0 0 0 0 0 0 0 0 0 0 
0 0 0 0 0 0 0 0 0 0 
0 0 0 0 0 0 0 0 0 0 
Rank 2, Time Step 4:
0 0 0 0 0 0 0 0 0 0 
0 0 0 0 0 0 0 0 0 0 
0 0 0 0 0 0 0 0 0 0 
0 1 0 0 0 0 0 0 0 0 
0 0 0 0 0 0 0 0 0 0 
0 0 0 0 0 0 0 0 0 0 
Rank 1, Time Step 4:
0 1 0 0 0 0 1 0 0 1 
0 0 0 0 0 0 0 0 0 0 
0 0 0 0 0 0 0 0 0 0 
0 0 0 0 0 0 0 0 0 0 
0 0 0 0 0 0 0 0 1 0 
0 0 0 0 0 0 0 0 0 0 
0 0 0 0 0 0 0 0 0 0 
0 0 0 0 0 0 0 0 0 0 
0 1 0 1 0 0 0 1 0 0 
0 1 1 0 1 0 1 0 1 0 
0 0 1 1 1 0 1 0 1 0 

0 0 0 0 0 0 0 0 0 0 
0 1 0 1 0 0 0 1 0 0 
0 1 1 0 1 0 1 0 1 0 
0 0 1 1 1 0 1 0 1 0 

0 1 0 1 0 0 0 1 0 0 
0 1 1 0 1 0 1 0 1 0 
0 0 1 1 1 0 1 0 1 0 

0 1 0 1 0 0 0 1 0 0 
0 1 1 0 1 0 1 0 1 0 
0 0 1 1 1 0 1 0 1 0 

Rank 3, Time Step 5:
0 0 0 0 0 0 0 0 0 0 
0 1 1 0 0 0 0 0 0 0 
0 1 1 0 0 0 0 0 0 0 
Rank 2, Time Step 5:
0 0 0 0 0 0 0 0 0 0 
0 0 0 0 0 0 0 0 0 0 
0 0 0 0 0 0 0 0 0 0 
0 0 0 0 0 0 0 0 0 0 
0 0 0 0 0 0 0 0 0 0 
Rank 0, Time Step 5:
0 0 0 0 0 0 0 1 1 0 
0 0 0 0 0 0 0 1 1 0 
0 0 0 0 0 0 0 0 0 0 
0 0 0 0 0 0 0 1 0 0 
0 0 0 0 0 0 0 1 0 0 
0 0 0 0 0 0 0 0 0 0 
Rank 1, Time Step 5:
0 0 0 0 0 0 0 1 1 0 
0 0 0 0 0 0 0 0 0 0 
0 0 0 0 0 0 0 0 0 0 
0 0 0 0 0 0 0 0 0 0 
0 0 0 0 0 0 0 0 0 0 
0 0 0 0 0 0 0 0 0 0 
0 0 0 0 0 0 0 0 0 0 
0 0 0 0 0 0 0 0 0 0 
0 0 0 0 0 0 0 0 0 0 
0 0 0 0 0 0 0 0 0 0 
0 0 0 0 0 0 0 0 0 0 
0 1 0 1 0 0 0 1 0 0 
0 1 0 0 1 0 1 0 1 0 
0 1 1 0 1 0 0 0 0 0 

0 0 0 0 0 0 0 0 0 0 
0 0 0 0 0 0 0 0 0 0 
0 1 0 1 0 0 0 1 0 0 
0 1 0 0 1 0 1 0 1 0 
0 1 1 0 1 0 0 0 0 0 

0 1 0 1 0 0 0 1 0 0 
0 1 0 0 1 0 1 0 1 0 
0 1 1 0 1 0 0 0 0 0 

0 0 0 0 0 0 0 0 0 0 
0 1 0 1 0 0 0 1 0 0 
0 1 0 0 1 0 1 0 1 0 
0 1 1 0 1 0 0 0 0 0 

Rank 3, Time Step 6:
0 0 0 0 0 0 0 0 0 0 
0 1 1 0 0 0 0 0 0 0 
0 1 1 0 0 0 0 0 0 0 
0 0 0 0 0 0 0 0 0 0 
0 0 0 0 0 0 0 0 0 0 
Rank 0, Time Step 6:
0 0 0 0 0 0 0 1 1 0 
0 0 0 0 0 0 0 1 1 0 
0 0 0 0 0 0 0 0 0 0 
0 0 0 0 0 0 0 0 0 0 
0 0 0 0 0 0 0 0 0 0 
0 0 0 0 0 0 0 0 0 0 
Rank 1, Time Step 6:
0 0 0 0 0 0 0 1 1 0 
0 0 0 0 0 0 0 0 0 0 
0 0 0 0 0 0 0 0 0 0 
0 0 0 0 0 0 0 0 0 0 
0 0 0 0 0 0 0 0 0 0 
0 0 0 0 0 0 0 0 0 0 
Rank 2, Time Step 6:
0 0 0 0 0 0 0 0 0 0 
0 0 0 0 0 0 0 0 0 0 
0 0 0 0 0 0 0 0 0 0 
0 0 0 0 0 0 0 0 0 0 
0 0 0 0 0 0 0 0 0 0 
0 0 0 0 0 0 0 0 0 0 
0 0 0 0 0 0 0 0 0 0 
0 0 0 0 0 0 0 0 0 0 
0 0 0 0 0 0 0 0 0 0 
0 0 1 0 0 0 0 1 0 0 
1 1 0 0 1 1 0 1 0 0 
0 0 1 0 0 0 0 1 0 0 
1 1 0 0 1 1 0 1 0 0 
0 0 0 0 0 0 0 0 0 0 
0 0 1 0 0 0 0 1 0 0 
1 1 0 0 1 1 0 1 0 0 
0 1 1 1 0 1 0 0 0 0 

0 0 0 0 0 0 0 0 0 0 
0 0 1 0 0 0 0 1 0 0 
1 1 0 0 1 1 0 1 0 0 
0 1 1 1 0 1 0 0 0 0 

0 1 1 1 0 1 0 0 0 0 

0 1 1 1 0 1 0 0 0 0 

Rank 0, Time Step 7:
0 0 0 0 0 0 0 1 1 0 
0 0 0 0 0 0 0 1 1 0 
0 0 0 0 0 0 0 0 0 0 
0 0 0 0 0 0 0 0 0 0 
0 0 0 0 0 0 0 0 0 0 
0 0 0 0 0 0 0 0 0 0 
Rank 2, Time Step 7:
0 0 0 0 0 0 0 0 0 0 
0 0 0 0 0 0 0 0 0 0 
Rank 1, Time Step 7:
0 0 0 0 0 0 0 1 1 0 
0 0 0 0 0 0 0 0 0 0 
0 0 0 0 0 0 0 0 0 0 
0 0 0 0 0 0 0 0 0 0 
0 0 0 0 0 0 0 0 0 0 
0 0 0 0 0 0 0 0 0 0 
0 0 0 0 0 0 0 0 0 0 
Rank 3, Time Step 7:
0 0 0 0 0 0 0 0 0 0 
0 1 1 0 0 0 0 0 0 0 
0 1 1 0 0 0 0 0 0 0 
0 0 0 0 0 0 0 0 0 0 
0 0 0 0 0 0 0 0 0 0 
0 0 0 0 0 0 0 0 0 0 
0 0 0 0 0 0 0 0 0 0 
0 0 0 0 0 0 0 0 0 0 
0 0 0 0 0 0 0 0 0 0 
0 0 0 0 0 0 0 0 0 0 
0 0 0 0 0 0 0 0 0 0 
0 0 0 0 0 0 0 0 0 0 
0 0 0 0 0 0 0 0 0 0 
0 1 0 0 0 0 1 0 0 0 
1 0 0 0 1 1 0 0 0 0 
1 1 1 1 0 1 1 0 0 0 

0 1 0 0 0 0 1 0 0 0 
1 0 0 0 1 1 0 0 0 0 
1 1 1 1 0 1 1 0 0 0 

0 1 0 0 0 0 1 0 0 0 
1 0 0 0 1 1 0 0 0 0 
1 1 1 1 0 1 1 0 0 0 

0 1 0 0 0 0 1 0 0 0 
1 0 0 0 1 1 0 0 0 0 
1 1 1 1 0 1 1 0 0 0 

Rank 0, Time Step 8:
0 0 0 0 0 0 0 1 1 0 
0 0 0 0 0 0 0 1 1 0 
0 0 0 0 0 0 0 0 0 0 
0 0 0 0 0 0 0 0 0 0 
0 0 0 0 0 0 0 0 0 0 
0 0 0 0 0 0 0 0 0 0 
0 0 0 0 0 0 0 0 0 0 
Rank 1, Time Step 8:
0 0 0 0 0 0 0 1 1 0 
0 0 0 0 0 0 0 0 0 0 
0 0 0 0 0 0 0 0 0 0 
0 0 0 0 0 0 0 0 0 0 
0 0 0 0 0 0 0 0 0 0 
0 0 0 0 0 0 0 0 0 0 
0 0 0 0 0 0 0 0 0 0 
Rank 3, Time Step 8:
0 0 0 0 0 0 0 0 0 0 
0 1 1 0 0 0 0 0 0 0 
0 1 1 0 0 0 0 0 0 0 
0 0 0 0 0 0 0 0 0 0 
0 0 0 0 0 0 0 0 0 0 
0 0 0 0 0 0 0 0 0 0 
0 0 0 0 0 0 0 0 0 0 
Rank 2, Time Step 8:
0 0 0 0 0 0 0 0 0 0 
0 0 0 0 0 0 0 0 0 0 
0 0 0 0 0 0 0 0 0 0 
0 0 0 0 0 0 0 0 0 0 
0 0 0 0 0 0 0 0 0 0 
0 0 0 0 0 0 0 0 0 0 
0 0 0 0 0 0 0 0 0 0 
0 0 0 0 0 1 0 0 0 0 
1 0 0 1 1 0 0 0 0 0 
1 1 1 1 0 1 1 0 0 0 

0 0 0 0 0 1 0 0 0 0 
1 0 0 1 1 0 0 0 0 0 
1 1 1 1 0 1 1 0 0 0 

0 0 0 0 0 1 0 0 0 0 
1 0 0 1 1 0 0 0 0 0 
1 1 1 1 0 1 1 0 0 0 

0 0 0 0 0 1 0 0 0 0 
1 0 0 1 1 0 0 0 0 0 
1 1 1 1 0 1 1 0 0 0 

Rank 3, Time Step 9:
0 0 0 0 0 0 0 0 0 0 
0 1 1 0 0 0 0 0 0 0 
0 1 1 0 0 0 0 0 0 0 
0 0 0 0 0 0 0 0 0 0 
Rank 0, Time Step 9:
0 0 0 0 0 0 0 1 1 0 
0 0 0 0 0 0 0 1 1 0 
0 0 0 0 0 0 0 0 0 0 
0 0 0 0 0 0 0 0 0 0 
0 0 0 0 0 0 0 0 0 0 
Rank 2, Time Step 9:
0 0 0 0 0 0 0 0 0 0 
0 0 0 0 0 0 0 0 0 0 
0 0 0 0 0 0 0 0 0 0 
0 0 0 0 0 0 0 0 0 0 
0 0 0 0 0 0 0 0 0 0 
Rank 1, Time Step 9:
0 0 0 0 0 0 0 1 1 0 
0 0 0 0 0 0 0 0 0 0 
0 0 0 0 0 0 0 0 0 0 
0 0 0 0 0 0 0 0 0 0 
0 0 0 0 0 0 0 0 0 0 
0 0 0 0 0 0 0 0 0 0 
0 0 0 0 0 0 0 0 0 0 
0 0 0 0 0 0 0 0 0 0 
0 0 0 0 0 0 0 0 0 0 
0 0 0 0 0 0 0 0 0 0 
0 0 0 0 0 0 0 0 0 0 
0 0 0 0 0 0 0 0 0 0 
0 0 0 0 1 0 0 0 0 0 
0 0 0 0 0 0 0 0 0 0 
0 0 0 0 0 0 0 0 0 0 
1 0 0 1 0 0 1 0 0 0 
1 1 1 1 0 1 0 0 0 0 

0 0 0 0 1 0 0 0 0 0 
1 0 0 1 0 0 1 0 0 0 
1 1 1 1 0 1 0 0 0 0 

0 0 0 0 1 0 0 0 0 0 
1 0 0 1 0 0 1 0 0 0 
1 1 1 1 0 1 0 0 0 0 

Final Grid:
0 0 0 0 0 0 0 1 1 0 
0 0 0 0 0 0 0 1 1 0 
0 0 0 0 1 0 0 0 0 0 
1 0 0 1 0 0 1 0 0 0 
1 1 1 1 0 1 0 0 0 0 

0 0 0 0 0 0 0 0 0 0 
0 0 0 0 0 0 0 0 0 0 
0 0 0 0 0 0 0 0 0 0 
0 0 0 0 0 0 0 0 0 0 
0 0 0 0 0 0 0 0 0 0 
0 0 0 0 1 0 0 0 0 0 
1 0 0 1 0 0 1 0 0 0 
1 1 1 1 0 1 0 0 0 0 

