Rank 0, Time Step 0:
0 1 0 1 1 
0 1 1 0 1 
0 1 0 1 1 
0 0 0 0 0 
0 0 0 0 0 

Rank 1, Time Step 0:
0 1 1 0 1 
0 1 1 0 1 
0 1 1 1 0 
0 0 0 0 0 
0 0 0 0 0 

Rank 0, Time Step 1:
0 1 0 1 1 
1 1 0 0 0 
0 1 1 0 0 
0 0 0 0 0 
Rank 1, Time Step 1:
1 1 0 0 0 
1 0 0 0 1 
0 1 0 1 0 
0 0 1 0 0 
0 0 0 0 0 

0 0 0 0 0 

Rank 0, Time Step 2:
1 1 1 0 0 
1 0 0 1 0 
1 1 0 0 0 
0 0 0 0 0 
0 0 0 0 0 

Rank 1, Time Step 2:
1 0 0 1 0 
1 0 1 0 0 
0 1 1 1 0 
0 0 1 0 0 
0 0 0 0 0 

Rank 1, Time Step 3:
0 0 0 0 0 
Rank 0, Time Step 3:
1 1 1 0 0 
0 0 0 0 0 
1 0 0 0 0 
0 0 0 1 0 
0 1 1 1 0 
0 1 0 0 0 
0 0 0 0 0 
0 0 0 0 0 

0 0 0 0 0 

Rank 0, Time Step 4:
0 1 0 0 0 
1 0 1 0 0 
0 0 0 0 0 
0 0 0 0 0 
0 0 0 0 0 

Rank 1, Time Step 4:
1 0 1 0 0 
0 0 0 0 0 
0 1 0 1 0 
0 0 1 1 0 
0 0 1 0 0 

Final Grid:
0 1 0 0 0 
1 0 1 0 0 
0 0 0 0 0 
0 0 0 0 0 
0 0 0 0 0 

