First matrix:
 ----- ----- ----- -----
:  1  :  0  :  1  :  1  :
 ----- ----- ----- -----
:  1  :  1  :  0  :  0  :
 ----- ----- ----- -----
:  1  :  1  :  0  :  1  :
 ----- ----- ----- -----
:  0  :  1  :  1  :  0  :
 ----- ----- ----- -----

New Matrix:
 ----- ----- ----- -----
:  0  :  1  :  0  :  0  :
 ----- ----- ----- -----
:  0  :  1  :  1  :  1  :
 ----- ----- ----- -----
:  0  :  1  :  1  :  0  :
 ----- ----- ----- -----
:  0  :  0  :  1  :  0  :
 ----- ----- ----- -----

 Time: 0.000083 seconds
